
> rest-express@1.0.0 dev
> NODE_ENV=development tsx server/index.ts

4:26:32 AM [express] serving on port 5000
Browserslist: browsers data (caniuse-lite) is 13 months old. Please run:
  npx update-browserslist-db@latest
  Why you should do it regularly: https://github.com/browserslist/update-db#readme

A PostCSS plugin did not pass the `from` option to `postcss.parse`. This may cause imported assets to be incorrectly transformed. If you've recently added a PostCSS plugin that raised this warning, please contact the package author to fix the issue.
4:27:16 AM [express] GET /api/auth/me 401 in 15ms :: {"message":"Not authenticated."}
4:27:32 AM [express] POST /api/auth/register 201 in 451ms :: {"id":"3afe164f-4bcf-428e-80ef-44584e12…
4:27:32 AM [express] GET /api/auth/me 200 in 14ms :: {"id":"3afe164f-4bcf-428e-80ef-44584e123e5a","u…
4:27:33 AM [express] GET /api/metrics 304 in 4ms :: []
4:27:56 AM [express] GET /api/auth/me 304 in 6ms :: {"id":"3afe164f-4bcf-428e-80ef-44584e123e5a","us…
4:27:57 AM [express] GET /api/sales 200 in 4ms :: []
4:31:19 AM [express] GET /api/auth/me 304 in 4ms :: {"id":"3afe164f-4bcf-428e-80ef-44584e123e5a","us…
4:31:19 AM [express] GET /api/metrics 304 in 2ms :: []
4:31:42 AM [vite] hmr update /src/pages/Dashboard.tsx, /src/index.css?v=KKlKCGWGmDIYLKQCEOukW
4:32:01 AM [express] GET /api/auth/me 304 in 12ms :: {"id":"3afe164f-4bcf-428e-80ef-44584e123e5a","u…
4:32:01 AM [express] GET /api/metrics 304 in 31ms :: []
4:32:55 AM [express] GET /api/auth/me 304 in 3ms :: {"id":"3afe164f-4bcf-428e-80ef-44584e123e5a","us…
4:32:56 AM [express] GET /api/metrics 304 in 6ms :: []
4:35:12 AM [express] POST /api/metrics 200 in 47ms :: {"date":"2025-11-02T22:35:12.527Z","revenue":"…
4:35:12 AM [express] GET /api/metrics 200 in 5ms :: [{"date":"2025-11-02T22:35:12.527Z","revenue":"9…
4:37:19 AM [vite] hmr update /src/components/DashboardHeader.tsx, /src/index.css?v=KKlKCGWGmDIYLKQCEOukW
4:38:08 AM [express] GET /api/auth/me 304 in 2ms :: {"id":"3afe164f-4bcf-428e-80ef-44584e123e5a","us…
4:38:08 AM [express] GET /api/metrics 304 in 11ms :: [{"date":"2025-11-02T22:35:12.527Z","revenue":"…
4:39:35 AM [vite] hmr update /src/components/DashboardHeader.tsx, /src/index.css?v=KKlKCGWGmDIYLKQCEOukW
